2025-05-06 16:13:27,184 - INFO - Scheduler started
2025-05-06 16:13:27,185 - INFO - Scheduler started
2025-05-06 16:19:24,284 - INFO - Scheduler started
2025-05-06 16:19:24,307 - INFO - Scheduler started
2025-05-06 16:20:53,223 - ERROR - Error adding task hello_world: Unrecognized expression "/1" for field "minute"
2025-05-06 16:21:19,791 - ERROR - Error adding task h: Wrong number of fields; got 4, expected 5
2025-05-06 16:25:00,308 - INFO - Added job "TaskScheduler._execute_task" to job store "default"
2025-05-06 16:25:00,309 - ERROR - Error saving tasks: Object of type BaseField is not JSON serializable
2025-05-06 16:25:00,309 - INFO - Added task h: /home/kgbeast/Bogdan/Programming/Facultate/licenta/scheduler/src/hello_world.py
2025-05-06 16:26:00,002 - INFO - Running job "TaskScheduler._execute_task (trigger: cron[month='*', day='*', day_of_week='*', hour='*', minute='*/1'], next run at: 2025-05-06 16:26:00 EEST)" (scheduled at 2025-05-06 16:26:00+03:00)
2025-05-06 16:26:05,919 - INFO - Task executed successfully: /home/kgbeast/Bogdan/Programming/Facultate/licenta/scheduler/src/hello_world.py
2025-05-06 16:26:06,061 - INFO - Job "TaskScheduler._execute_task (trigger: cron[month='*', day='*', day_of_week='*', hour='*', minute='*/1'], next run at: 2025-05-06 16:27:00 EEST)" executed successfully
2025-05-06 16:26:47,527 - INFO - Removed job h
2025-05-06 16:26:47,528 - INFO - Removed task h
2025-05-06 16:27:19,910 - INFO - Scheduler started
2025-05-06 16:27:19,911 - INFO - Scheduler started
2025-05-06 16:28:47,128 - INFO - Scheduler started
2025-05-06 16:28:47,129 - INFO - Scheduler started
2025-05-06 16:30:48,150 - INFO - Scheduler started
2025-05-06 16:30:48,151 - INFO - Scheduler started
2025-05-06 16:33:03,121 - INFO - Scheduler started
2025-05-06 16:33:03,122 - INFO - Scheduler started
2025-05-06 16:33:39,172 - INFO - Added job "TaskScheduler._execute_task" to job store "default"
2025-05-06 16:33:39,172 - INFO - Added task a: /home/kgbeast/Bogdan/Programming/Facultate/licenta/scheduler/src/hello_world.py
2025-05-06 16:33:49,172 - INFO - Running job "TaskScheduler._execute_task (trigger: interval[0:00:10], next run at: 2025-05-06 16:33:49 EEST)" (scheduled at 2025-05-06 16:33:49.171320+03:00)
2025-05-06 16:33:55,144 - INFO - Task executed successfully: /home/kgbeast/Bogdan/Programming/Facultate/licenta/scheduler/src/hello_world.py
2025-05-06 16:33:55,202 - INFO - Job "TaskScheduler._execute_task (trigger: interval[0:00:10], next run at: 2025-05-06 16:33:59 EEST)" executed successfully
2025-05-06 16:33:59,172 - INFO - Running job "TaskScheduler._execute_task (trigger: interval[0:00:10], next run at: 2025-05-06 16:34:09 EEST)" (scheduled at 2025-05-06 16:33:59.171320+03:00)
2025-05-06 16:34:05,254 - INFO - Task executed successfully: /home/kgbeast/Bogdan/Programming/Facultate/licenta/scheduler/src/hello_world.py
2025-05-06 16:34:05,295 - INFO - Job "TaskScheduler._execute_task (trigger: interval[0:00:10], next run at: 2025-05-06 16:34:09 EEST)" executed successfully
2025-05-06 16:34:09,172 - INFO - Running job "TaskScheduler._execute_task (trigger: interval[0:00:10], next run at: 2025-05-06 16:34:19 EEST)" (scheduled at 2025-05-06 16:34:09.171320+03:00)
2025-05-06 16:34:15,123 - INFO - Task executed successfully: /home/kgbeast/Bogdan/Programming/Facultate/licenta/scheduler/src/hello_world.py
2025-05-06 16:34:15,163 - INFO - Job "TaskScheduler._execute_task (trigger: interval[0:00:10], next run at: 2025-05-06 16:34:19 EEST)" executed successfully
2025-05-06 16:34:19,172 - INFO - Running job "TaskScheduler._execute_task (trigger: interval[0:00:10], next run at: 2025-05-06 16:34:29 EEST)" (scheduled at 2025-05-06 16:34:19.171320+03:00)
2025-05-06 16:34:25,303 - INFO - Task executed successfully: /home/kgbeast/Bogdan/Programming/Facultate/licenta/scheduler/src/hello_world.py
2025-05-06 16:34:26,641 - INFO - Job "TaskScheduler._execute_task (trigger: interval[0:00:10], next run at: 2025-05-06 16:34:29 EEST)" executed successfully
2025-05-06 16:34:29,171 - INFO - Running job "TaskScheduler._execute_task (trigger: interval[0:00:10], next run at: 2025-05-06 16:34:39 EEST)" (scheduled at 2025-05-06 16:34:29.171320+03:00)
2025-05-06 16:34:35,353 - INFO - Task executed successfully: /home/kgbeast/Bogdan/Programming/Facultate/licenta/scheduler/src/hello_world.py
2025-05-06 16:34:35,393 - INFO - Job "TaskScheduler._execute_task (trigger: interval[0:00:10], next run at: 2025-05-06 16:34:39 EEST)" executed successfully
2025-05-06 16:34:46,777 - ERROR - Error adding task a: invalid literal for int() with base 10: '10.0'
2025-05-06 16:34:46,778 - INFO - Scheduler started
2025-05-06 16:34:46,779 - INFO - Scheduler started
2025-05-06 16:35:12,903 - ERROR - Error adding task a: invalid literal for int() with base 10: '10.0'
2025-05-06 16:35:12,903 - INFO - Scheduler started
2025-05-06 16:35:12,915 - INFO - Scheduler started
2025-05-06 16:37:09,713 - INFO - Adding job tentatively -- it will be properly scheduled when the scheduler starts
2025-05-06 16:37:09,714 - INFO - Added task a: /home/kgbeast/Bogdan/Programming/Facultate/licenta/scheduler/src/hello_world.py
2025-05-06 16:37:09,714 - INFO - Added job "TaskScheduler._execute_task" to job store "default"
2025-05-06 16:37:09,714 - INFO - Scheduler started
2025-05-06 16:37:09,715 - INFO - Scheduler started
2025-05-06 16:37:19,715 - INFO - Running job "TaskScheduler._execute_task (trigger: interval[0:00:10], next run at: 2025-05-06 16:37:19 EEST)" (scheduled at 2025-05-06 16:37:19.713540+03:00)
2025-05-06 16:37:28,884 - INFO - Task executed successfully: /home/kgbeast/Bogdan/Programming/Facultate/licenta/scheduler/src/hello_world.py
2025-05-06 16:37:28,952 - INFO - Job "TaskScheduler._execute_task (trigger: interval[0:00:10], next run at: 2025-05-06 16:37:29 EEST)" executed successfully
2025-05-06 16:37:29,714 - INFO - Running job "TaskScheduler._execute_task (trigger: interval[0:00:10], next run at: 2025-05-06 16:37:39 EEST)" (scheduled at 2025-05-06 16:37:29.713540+03:00)
2025-05-06 16:37:35,590 - INFO - Task executed successfully: /home/kgbeast/Bogdan/Programming/Facultate/licenta/scheduler/src/hello_world.py
2025-05-06 16:37:35,639 - INFO - Job "TaskScheduler._execute_task (trigger: interval[0:00:10], next run at: 2025-05-06 16:37:39 EEST)" executed successfully
2025-05-06 16:37:39,714 - INFO - Running job "TaskScheduler._execute_task (trigger: interval[0:00:10], next run at: 2025-05-06 16:37:49 EEST)" (scheduled at 2025-05-06 16:37:39.713540+03:00)
2025-05-06 16:37:44,742 - ERROR - Task failed: /home/kgbeast/Bogdan/Programming/Facultate/licenta/scheduler/src/hello_world.py
Error: Traceback (most recent call last):
  File "/home/kgbeast/Bogdan/Programming/Facultate/licenta/scheduler/src/hello_world.py", line 10, in <module>
    subprocess.run(command, shell=True)
    ~~~~~~~~~~~~~~^^^^^^^^^^^^^^^^^^^^^
  File "/usr/lib/python3.13/subprocess.py", line 558, in run
    stdout, stderr = process.communicate(input, timeout=timeout)
                     ~~~~~~~~~~~~~~~~~~~^^^^^^^^^^^^^^^^^^^^^^^^
  File "/usr/lib/python3.13/subprocess.py", line 1213, in communicate
    self.wait()
    ~~~~~~~~~^^
  File "/usr/lib/python3.13/subprocess.py", line 1276, in wait
    return self._wait(timeout=timeout)
           ~~~~~~~~~~^^^^^^^^^^^^^^^^^
  File "/usr/lib/python3.13/subprocess.py", line 2068, in _wait
    (pid, sts) = self._try_wait(0)
                 ~~~~~~~~~~~~~~^^^
  File "/usr/lib/python3.13/subprocess.py", line 2026, in _try_wait
    (pid, sts) = os.waitpid(self.pid, wait_flags)
                 ~~~~~~~~~~^^^^^^^^^^^^^^^^^^^^^^
KeyboardInterrupt

2025-05-06 16:37:44,810 - INFO - Job "TaskScheduler._execute_task (trigger: interval[0:00:10], next run at: 2025-05-06 16:37:49 EEST)" executed successfully
2025-05-09 13:45:16,923 - INFO - Adding job tentatively -- it will be properly scheduled when the scheduler starts
2025-05-09 13:45:16,923 - INFO - Added task a: /home/kgbeast/Bogdan/Programming/Facultate/licenta/scheduler/src/hello_world.py
2025-05-09 13:45:16,924 - INFO - Added job "TaskScheduler._execute_task" to job store "default"
2025-05-09 13:45:16,924 - INFO - Scheduler started
2025-05-09 13:45:16,925 - INFO - Scheduler started
2025-05-09 13:45:26,923 - INFO - Running job "TaskScheduler._execute_task (trigger: interval[0:00:10], next run at: 2025-05-09 13:45:26 EEST)" (scheduled at 2025-05-09 13:45:26.922770+03:00)
2025-05-09 13:45:32,709 - INFO - Task executed successfully: /home/kgbeast/Bogdan/Programming/Facultate/licenta/scheduler/src/hello_world.py
2025-05-09 13:45:32,799 - INFO - Job "TaskScheduler._execute_task (trigger: interval[0:00:10], next run at: 2025-05-09 13:45:36 EEST)" executed successfully
2025-05-09 13:45:35,899 - INFO - Scheduler has been shut down
2025-05-09 13:45:35,900 - INFO - Scheduler shutdown
2025-05-09 13:47:44,718 - INFO - Adding job tentatively -- it will be properly scheduled when the scheduler starts
2025-05-09 13:47:44,718 - INFO - Added task a: /home/kgbeast/Bogdan/Programming/Facultate/licenta/scheduler/src/hello_world.py
2025-05-09 13:47:44,719 - INFO - Added job "TaskScheduler._execute_task" to job store "default"
2025-05-09 13:47:44,719 - INFO - Scheduler started
2025-05-09 13:47:44,719 - INFO - Scheduler started
2025-05-09 13:47:54,719 - INFO - Running job "TaskScheduler._execute_task (trigger: interval[0:00:10], next run at: 2025-05-09 13:47:54 EEST)" (scheduled at 2025-05-09 13:47:54.717946+03:00)
2025-05-09 13:48:00,427 - INFO - Task executed successfully: /home/kgbeast/Bogdan/Programming/Facultate/licenta/scheduler/src/hello_world.py
2025-05-09 13:48:00,494 - INFO - Job "TaskScheduler._execute_task (trigger: interval[0:00:10], next run at: 2025-05-09 13:48:04 EEST)" executed successfully
2025-05-09 13:48:04,719 - INFO - Running job "TaskScheduler._execute_task (trigger: interval[0:00:10], next run at: 2025-05-09 13:48:14 EEST)" (scheduled at 2025-05-09 13:48:04.717946+03:00)
2025-05-09 13:48:10,432 - INFO - Task executed successfully: /home/kgbeast/Bogdan/Programming/Facultate/licenta/scheduler/src/hello_world.py
2025-05-09 13:48:10,490 - INFO - Job "TaskScheduler._execute_task (trigger: interval[0:00:10], next run at: 2025-05-09 13:48:14 EEST)" executed successfully
2025-05-09 13:48:13,679 - INFO - Scheduler has been shut down
2025-05-09 13:48:13,680 - INFO - Scheduler shutdown
2025-05-09 22:56:32,877 - INFO - Adding job tentatively -- it will be properly scheduled when the scheduler starts
2025-05-09 22:56:32,879 - INFO - Added task a: /home/kgbeast/Bogdan/Programming/Facultate/licenta/scheduler/src/hello_world.py
2025-05-09 22:56:32,879 - INFO - Added job "TaskScheduler._execute_task" to job store "default"
2025-05-09 22:56:32,879 - INFO - Scheduler started
2025-05-09 22:56:32,880 - INFO - Scheduler started
2025-05-09 22:56:42,878 - INFO - Running job "TaskScheduler._execute_task (trigger: interval[0:00:10], next run at: 2025-05-09 22:56:42 EEST)" (scheduled at 2025-05-09 22:56:42.877393+03:00)
2025-05-09 22:56:48,431 - INFO - Task executed successfully: /home/kgbeast/Bogdan/Programming/Facultate/licenta/scheduler/src/hello_world.py
2025-05-09 22:56:48,475 - INFO - Job "TaskScheduler._execute_task (trigger: interval[0:00:10], next run at: 2025-05-09 22:56:52 EEST)" executed successfully
2025-05-09 22:56:52,877 - INFO - Running job "TaskScheduler._execute_task (trigger: interval[0:00:10], next run at: 2025-05-09 22:57:02 EEST)" (scheduled at 2025-05-09 22:56:52.877393+03:00)
2025-05-09 22:57:02,877 - WARNING - Execution of job "TaskScheduler._execute_task (trigger: interval[0:00:10], next run at: 2025-05-09 22:57:02 EEST)" skipped: maximum number of running instances reached (1)
2025-05-09 22:57:04,282 - INFO - Task executed successfully: /home/kgbeast/Bogdan/Programming/Facultate/licenta/scheduler/src/hello_world.py
2025-05-09 22:57:04,310 - INFO - Job "TaskScheduler._execute_task (trigger: interval[0:00:10], next run at: 2025-05-09 22:57:12 EEST)" executed successfully
2025-05-09 22:57:05,540 - INFO - Scheduler has been shut down
2025-05-09 22:57:05,541 - INFO - Scheduler shutdown
2025-05-09 23:05:51,443 - INFO - Adding job tentatively -- it will be properly scheduled when the scheduler starts
2025-05-09 23:05:51,443 - INFO - Added task a: /home/kgbeast/Bogdan/Programming/Facultate/licenta/scheduler/src/hello_world.py
2025-05-09 23:05:51,443 - INFO - Added job "TaskScheduler._execute_task" to job store "default"
2025-05-09 23:05:51,443 - INFO - Scheduler started
2025-05-09 23:05:51,444 - INFO - Scheduler started
2025-05-09 23:05:56,206 - INFO - Removed job a
2025-05-09 23:05:56,217 - INFO - Removed task a
2025-05-09 23:08:11,823 - INFO - Added job "TaskScheduler._execute_task" to job store "default"
2025-05-09 23:08:11,824 - INFO - Added task test1: /home/kgbeast/Bogdan/Programming/Facultate/licenta/scheduler/tests/test1_basic.sh
2025-05-09 23:08:21,823 - INFO - Running job "TaskScheduler._execute_task (trigger: interval[0:00:10], next run at: 2025-05-09 23:08:21 EEST)" (scheduled at 2025-05-09 23:08:21.822980+03:00)
2025-05-09 23:08:21,831 - INFO - Task executed successfully: /home/kgbeast/Bogdan/Programming/Facultate/licenta/scheduler/tests/test1_basic.sh
2025-05-09 23:08:21,865 - INFO - Job "TaskScheduler._execute_task (trigger: interval[0:00:10], next run at: 2025-05-09 23:08:31 EEST)" executed successfully
2025-05-09 23:08:31,823 - INFO - Running job "TaskScheduler._execute_task (trigger: interval[0:00:10], next run at: 2025-05-09 23:08:41 EEST)" (scheduled at 2025-05-09 23:08:31.822980+03:00)
2025-05-09 23:08:31,832 - INFO - Task executed successfully: /home/kgbeast/Bogdan/Programming/Facultate/licenta/scheduler/tests/test1_basic.sh
2025-05-09 23:08:31,883 - INFO - Job "TaskScheduler._execute_task (trigger: interval[0:00:10], next run at: 2025-05-09 23:08:41 EEST)" executed successfully
2025-05-09 23:08:41,823 - INFO - Running job "TaskScheduler._execute_task (trigger: interval[0:00:10], next run at: 2025-05-09 23:08:51 EEST)" (scheduled at 2025-05-09 23:08:41.822980+03:00)
2025-05-09 23:08:41,835 - INFO - Task executed successfully: /home/kgbeast/Bogdan/Programming/Facultate/licenta/scheduler/tests/test1_basic.sh
2025-05-09 23:08:41,883 - INFO - Job "TaskScheduler._execute_task (trigger: interval[0:00:10], next run at: 2025-05-09 23:08:51 EEST)" executed successfully
2025-05-09 23:08:51,823 - INFO - Running job "TaskScheduler._execute_task (trigger: interval[0:00:10], next run at: 2025-05-09 23:09:01 EEST)" (scheduled at 2025-05-09 23:08:51.822980+03:00)
2025-05-09 23:08:51,835 - INFO - Task executed successfully: /home/kgbeast/Bogdan/Programming/Facultate/licenta/scheduler/tests/test1_basic.sh
2025-05-09 23:08:51,864 - INFO - Job "TaskScheduler._execute_task (trigger: interval[0:00:10], next run at: 2025-05-09 23:09:01 EEST)" executed successfully
2025-05-09 23:09:01,824 - INFO - Running job "TaskScheduler._execute_task (trigger: interval[0:00:10], next run at: 2025-05-09 23:09:11 EEST)" (scheduled at 2025-05-09 23:09:01.822980+03:00)
2025-05-09 23:09:01,835 - INFO - Task executed successfully: /home/kgbeast/Bogdan/Programming/Facultate/licenta/scheduler/tests/test1_basic.sh
2025-05-09 23:09:01,881 - INFO - Job "TaskScheduler._execute_task (trigger: interval[0:00:10], next run at: 2025-05-09 23:09:11 EEST)" executed successfully
2025-05-09 23:09:11,823 - INFO - Running job "TaskScheduler._execute_task (trigger: interval[0:00:10], next run at: 2025-05-09 23:09:21 EEST)" (scheduled at 2025-05-09 23:09:11.822980+03:00)
2025-05-09 23:09:11,834 - INFO - Task executed successfully: /home/kgbeast/Bogdan/Programming/Facultate/licenta/scheduler/tests/test1_basic.sh
2025-05-09 23:09:11,883 - INFO - Job "TaskScheduler._execute_task (trigger: interval[0:00:10], next run at: 2025-05-09 23:09:21 EEST)" executed successfully
2025-05-09 23:09:21,824 - INFO - Running job "TaskScheduler._execute_task (trigger: interval[0:00:10], next run at: 2025-05-09 23:09:31 EEST)" (scheduled at 2025-05-09 23:09:21.822980+03:00)
2025-05-09 23:09:21,834 - INFO - Task executed successfully: /home/kgbeast/Bogdan/Programming/Facultate/licenta/scheduler/tests/test1_basic.sh
2025-05-09 23:09:21,881 - INFO - Job "TaskScheduler._execute_task (trigger: interval[0:00:10], next run at: 2025-05-09 23:09:31 EEST)" executed successfully
2025-05-09 23:09:31,824 - INFO - Running job "TaskScheduler._execute_task (trigger: interval[0:00:10], next run at: 2025-05-09 23:09:41 EEST)" (scheduled at 2025-05-09 23:09:31.822980+03:00)
2025-05-09 23:09:31,835 - INFO - Task executed successfully: /home/kgbeast/Bogdan/Programming/Facultate/licenta/scheduler/tests/test1_basic.sh
2025-05-09 23:09:31,863 - INFO - Job "TaskScheduler._execute_task (trigger: interval[0:00:10], next run at: 2025-05-09 23:09:41 EEST)" executed successfully
2025-05-09 23:09:41,824 - INFO - Running job "TaskScheduler._execute_task (trigger: interval[0:00:10], next run at: 2025-05-09 23:09:51 EEST)" (scheduled at 2025-05-09 23:09:41.822980+03:00)
2025-05-09 23:09:41,833 - INFO - Task executed successfully: /home/kgbeast/Bogdan/Programming/Facultate/licenta/scheduler/tests/test1_basic.sh
2025-05-09 23:09:41,878 - INFO - Job "TaskScheduler._execute_task (trigger: interval[0:00:10], next run at: 2025-05-09 23:09:51 EEST)" executed successfully
2025-05-09 23:09:51,823 - INFO - Running job "TaskScheduler._execute_task (trigger: interval[0:00:10], next run at: 2025-05-09 23:10:01 EEST)" (scheduled at 2025-05-09 23:09:51.822980+03:00)
2025-05-09 23:09:51,834 - INFO - Task executed successfully: /home/kgbeast/Bogdan/Programming/Facultate/licenta/scheduler/tests/test1_basic.sh
2025-05-09 23:09:51,861 - INFO - Job "TaskScheduler._execute_task (trigger: interval[0:00:10], next run at: 2025-05-09 23:10:01 EEST)" executed successfully
2025-05-09 23:09:59,504 - INFO - Removed job test1
2025-05-09 23:09:59,505 - INFO - Removed task test1
2025-05-09 23:14:41,102 - INFO - Scheduler started
2025-05-09 23:14:41,103 - INFO - Scheduler started
2025-05-09 23:16:32,469 - INFO - Scheduler has been shut down
2025-05-09 23:16:32,470 - INFO - Scheduler shutdown
2025-05-09 23:17:21,888 - INFO - Added job "TaskScheduler._execute_task" to job store "default"
2025-05-09 23:17:21,889 - INFO - Added task test1: /home/kgbeast/Bogdan/Programming/Facultate/licenta/scheduler/tests/scripts/test1_basic.sh
2025-05-09 23:17:31,888 - INFO - Running job "TaskScheduler._execute_task (trigger: interval[0:00:10], next run at: 2025-05-09 23:17:41 EEST)" (scheduled at 2025-05-09 23:17:31.887628+03:00)
2025-05-09 23:17:31,896 - INFO - Task executed successfully: /home/kgbeast/Bogdan/Programming/Facultate/licenta/scheduler/tests/scripts/test1_basic.sh
2025-05-09 23:17:31,928 - INFO - Job "TaskScheduler._execute_task (trigger: interval[0:00:10], next run at: 2025-05-09 23:17:41 EEST)" executed successfully
2025-05-09 23:17:41,888 - INFO - Running job "TaskScheduler._execute_task (trigger: interval[0:00:10], next run at: 2025-05-09 23:17:51 EEST)" (scheduled at 2025-05-09 23:17:41.887628+03:00)
2025-05-09 23:17:41,899 - INFO - Task executed successfully: /home/kgbeast/Bogdan/Programming/Facultate/licenta/scheduler/tests/scripts/test1_basic.sh
2025-05-09 23:17:41,927 - INFO - Job "TaskScheduler._execute_task (trigger: interval[0:00:10], next run at: 2025-05-09 23:17:51 EEST)" executed successfully
2025-05-09 23:17:51,888 - INFO - Running job "TaskScheduler._execute_task (trigger: interval[0:00:10], next run at: 2025-05-09 23:18:01 EEST)" (scheduled at 2025-05-09 23:17:51.887628+03:00)
2025-05-09 23:17:51,898 - INFO - Task executed successfully: /home/kgbeast/Bogdan/Programming/Facultate/licenta/scheduler/tests/scripts/test1_basic.sh
2025-05-09 23:17:51,946 - INFO - Job "TaskScheduler._execute_task (trigger: interval[0:00:10], next run at: 2025-05-09 23:18:01 EEST)" executed successfully
2025-05-09 23:18:01,888 - INFO - Running job "TaskScheduler._execute_task (trigger: interval[0:00:10], next run at: 2025-05-09 23:18:11 EEST)" (scheduled at 2025-05-09 23:18:01.887628+03:00)
2025-05-09 23:18:01,897 - INFO - Task executed successfully: /home/kgbeast/Bogdan/Programming/Facultate/licenta/scheduler/tests/scripts/test1_basic.sh
2025-05-09 23:18:01,947 - INFO - Job "TaskScheduler._execute_task (trigger: interval[0:00:10], next run at: 2025-05-09 23:18:11 EEST)" executed successfully
2025-05-09 23:18:11,888 - INFO - Running job "TaskScheduler._execute_task (trigger: interval[0:00:10], next run at: 2025-05-09 23:18:21 EEST)" (scheduled at 2025-05-09 23:18:11.887628+03:00)
2025-05-09 23:18:11,895 - INFO - Task executed successfully: /home/kgbeast/Bogdan/Programming/Facultate/licenta/scheduler/tests/scripts/test1_basic.sh
2025-05-09 23:18:11,921 - INFO - Job "TaskScheduler._execute_task (trigger: interval[0:00:10], next run at: 2025-05-09 23:18:21 EEST)" executed successfully
2025-05-09 23:18:21,888 - INFO - Running job "TaskScheduler._execute_task (trigger: interval[0:00:10], next run at: 2025-05-09 23:18:31 EEST)" (scheduled at 2025-05-09 23:18:21.887628+03:00)
2025-05-09 23:18:21,895 - INFO - Task executed successfully: /home/kgbeast/Bogdan/Programming/Facultate/licenta/scheduler/tests/scripts/test1_basic.sh
2025-05-09 23:18:21,925 - INFO - Job "TaskScheduler._execute_task (trigger: interval[0:00:10], next run at: 2025-05-09 23:18:31 EEST)" executed successfully
2025-05-09 23:18:31,888 - INFO - Running job "TaskScheduler._execute_task (trigger: interval[0:00:10], next run at: 2025-05-09 23:18:41 EEST)" (scheduled at 2025-05-09 23:18:31.887628+03:00)
2025-05-09 23:18:31,899 - INFO - Task executed successfully: /home/kgbeast/Bogdan/Programming/Facultate/licenta/scheduler/tests/scripts/test1_basic.sh
2025-05-09 23:18:31,926 - INFO - Job "TaskScheduler._execute_task (trigger: interval[0:00:10], next run at: 2025-05-09 23:18:41 EEST)" executed successfully
2025-05-09 23:18:34,852 - INFO - Removed job test1
2025-05-09 23:18:34,853 - INFO - Removed task test1
2025-05-09 23:22:09,586 - INFO - Scheduler has been shut down
2025-05-09 23:22:09,586 - INFO - Scheduler shutdown
