This is LuaHBTeX, Version 1.15.1 (MiKTeX 22.8.28) (format=lualatex 2022.10.2)  7 FEB 2023 08:11
 restricted system commands enabled.
**"LABORATOR 3.tex"
("./LABORATOR 3.tex"
LaTeX2e <2022-06-01> patch level 5
Lua module: luaotfload 2022-06-15 3.22 Lua based OpenType font support
Lua module: lualibs 2021-05-20 2.74 ConTeXt Lua standard libraries.
Lua module: lualibs-extended 2021-05-20 2.74 ConTeXt Lua libraries -- extended c
ollection.
luaotfload | conf : Root cache directory is "C:/Users/gjarc/AppData/Local/MiKTeX
/luatex-cache/generic/names".
luaotfload | init : Loading fontloader "fontloader-2022-06-15.lua" from kpse-res
olved path "C:/Users/gjarc/AppData/Local/Programs/MiKTeX/tex/luatex/luaotfload/f
ontloader-2022-06-15.lua".
Lua-only attribute luaotfload@noligature = 1
luaotfload | init : Context OpenType loader version 3.120
Inserting `luaotfload.node_processor' at position 1 in `pre_linebreak_filter'.
Inserting `luaotfload.node_processor' at position 1 in `hpack_filter'.
Inserting `luaotfload.glyph_stream' at position 1 in `glyph_stream_provider'.
Inserting `luaotfload.define_font' at position 1 in `define_font'.
Lua-only attribute luaotfload_color_attribute = 2
luaotfload | conf : Root cache directory is "C:/Users/gjarc/AppData/Local/MiKTeX
/luatex-cache/generic/names".
Inserting `luaotfload.harf.strip_prefix' at position 1 in `find_opentype_file'.
Inserting `luaotfload.harf.strip_prefix' at position 1 in `find_truetype_file'.
Removing  `luaotfload.glyph_stream' from `glyph_stream_provider'.
Inserting `luaotfload.harf.glyphstream' at position 1 in `glyph_stream_provider'
.
Inserting `luaotfload.harf.finalize_vlist' at position 1 in `post_linebreak_filt
er'.
Inserting `luaotfload.harf.finalize_hlist' at position 2 in `hpack_filter'.
Inserting `luaotfload.cleanup_files' at position 1 in `wrapup_run'.
Inserting `luaotfload.harf.finalize_unicode' at position 1 in `finish_pdffile'.
Inserting `luaotfload.glyphinfo' at position 1 in `glyph_info'.
Lua-only attribute luaotfload.letterspace_done = 3
Inserting `luaotfload.aux.set_sscale_dimens' at position 1 in `luaotfload.patch_
font'.
Inserting `luaotfload.aux.set_font_index' at position 2 in `luaotfload.patch_fon
t'.
Inserting `luaotfload.aux.patch_cambria_domh' at position 3 in `luaotfload.patch
_font'.
Inserting `luaotfload.aux.fixup_fontdata' at position 1 in `luaotfload.patch_fon
t_unsafe'.
Inserting `luaotfload.aux.set_capheight' at position 4 in `luaotfload.patch_font
'.
Inserting `luaotfload.aux.set_xheight' at position 5 in `luaotfload.patch_font'.
Inserting `luaotfload.rewrite_fontname' at position 6 in `luaotfload.patch_font'
. L3 programming layer <2022-08-30>
Inserting `tracingstacklevels' at position 1 in `input_level_string'.
(C:/Users/gjarc/AppData/Local/Programs/MiKTeX/tex/latex/base/article.cls
Document Class: article 2021/10/04 v1.4n Standard LaTeX document class
(C:/Users/gjarc/AppData/Local/Programs/MiKTeX/tex/latex/base/size10.clo
File: size10.clo 2021/10/04 v1.4n Standard LaTeX file (size option)
luaotfload | db : Font names database loaded from C:/Users/gjarc/AppData/Local/M
iKTeX/luatex-cache/generic/names/luaotfload-names.luc.gz)
\c@part=\count183
\c@section=\count184
\c@subsection=\count185
\c@subsubsection=\count186
\c@paragraph=\count187
\c@subparagraph=\count188
\c@figure=\count189
\c@table=\count190
\abovecaptionskip=\skip47
\belowcaptionskip=\skip48
\bibindent=\dimen137
)
(C:/Users/gjarc/AppData/Local/Programs/MiKTeX/tex/latex/geometry/geometry.sty
Package: geometry 2020/01/02 v5.9 Page Geometry

(C:/Users/gjarc/AppData/Local/Programs/MiKTeX/tex/latex/graphics/keyval.sty
Package: keyval 2022/05/29 v1.15 key=value parser (DPC)
\KV@toks@=\toks16
)
(C:/Users/gjarc/AppData/Local/Programs/MiKTeX/tex/generic/iftex/ifvtex.sty
Package: ifvtex 2019/10/25 v1.7 ifvtex legacy package. Use iftex instead.

(C:/Users/gjarc/AppData/Local/Programs/MiKTeX/tex/generic/iftex/iftex.sty
Package: iftex 2022/02/03 v1.0f TeX engine tests
))
\Gm@cnth=\count191
\Gm@cntv=\count192
\c@Gm@tempcnt=\count193
\Gm@bindingoffset=\dimen138
\Gm@wd@mp=\dimen139
\Gm@odd@mp=\dimen140
\Gm@even@mp=\dimen141
\Gm@layoutwidth=\dimen142
\Gm@layoutheight=\dimen143
\Gm@layouthoffset=\dimen144
\Gm@layoutvoffset=\dimen145
\Gm@dimlist=\toks17

(C:/Users/gjarc/AppData/Local/Programs/MiKTeX/tex/latex/geometry/geometry.cfg)) (C:/Users/gjarc/AppData/Local/Programs/MiKTeX/tex/latex/amsfonts/amsfonts.sty
Package: amsfonts 2013/01/14 v3.01 Basic AMSFonts support
\@emptytoks=\toks18
\symAMSa=\mathgroup4
\symAMSb=\mathgroup5
LaTeX Font Info:    Redeclaring math symbol \hbar on input line 98.
LaTeX Font Info:    Overwriting math alphabet `\mathfrak' in version `bold'
(Font)                  U/euf/m/n --> U/euf/b/n on input line 106.
) (C:/Users/gjarc/AppData/Local/Programs/MiKTeX/tex/latex/amsmath/amsmath.sty
Package: amsmath 2022/04/08 v2.17n AMS math features
\@mathmargin=\skip49

For additional information on amsmath, use the `?' option.
(C:/Users/gjarc/AppData/Local/Programs/MiKTeX/tex/latex/amsmath/amstext.sty
Package: amstext 2021/08/26 v2.01 AMS text

(C:/Users/gjarc/AppData/Local/Programs/MiKTeX/tex/latex/amsmath/amsgen.sty
File: amsgen.sty 1999/11/30 v2.0 generic functions
\@emptytoks=\toks19
\ex@=\dimen146
))
(C:/Users/gjarc/AppData/Local/Programs/MiKTeX/tex/latex/amsmath/amsbsy.sty
Package: amsbsy 1999/11/29 v1.2d Bold Symbols
\pmbraise@=\dimen147
)
(C:/Users/gjarc/AppData/Local/Programs/MiKTeX/tex/latex/amsmath/amsopn.sty
Package: amsopn 2022/04/08 v2.04 operator names
)
\inf@bad=\count194
LaTeX Info: Redefining \frac on input line 236.
\uproot@=\count195
\leftroot@=\count196
LaTeX Info: Redefining \overline on input line 399.
LaTeX Info: Redefining \colon on input line 410.
\classnum@=\count197
\DOTSCASE@=\count198
LaTeX Info: Redefining \ldots on input line 496.
LaTeX Info: Redefining \dots on input line 499.
LaTeX Info: Redefining \cdots on input line 620.
\Mathstrutbox@=\box51
\strutbox@=\box52
LaTeX Info: Redefining \big on input line 722.
LaTeX Info: Redefining \Big on input line 723.
LaTeX Info: Redefining \bigg on input line 724.
LaTeX Info: Redefining \Bigg on input line 725.
\big@size=\dimen148
LaTeX Font Info:    Redeclaring font encoding OML on input line 743.
LaTeX Font Info:    Redeclaring font encoding OMS on input line 744.
\macc@depth=\count199
LaTeX Info: Redefining \bmod on input line 905.
LaTeX Info: Redefining \pmod on input line 910.
LaTeX Info: Redefining \smash on input line 940.
LaTeX Info: Redefining \relbar on input line 970.
LaTeX Info: Redefining \Relbar on input line 971.
\c@MaxMatrixCols=\count266
\dotsspace@=\muskip16
\c@parentequation=\count267
\dspbrk@lvl=\count268
\tag@help=\toks20
\row@=\count269
\column@=\count270
\maxfields@=\count271
\andhelp@=\toks21
\eqnshift@=\dimen149
\alignsep@=\dimen150
\tagshift@=\dimen151
\tagwidth@=\dimen152
\totwidth@=\dimen153
\lineht@=\dimen154
\@envbody=\toks22
\multlinegap=\skip50
\multlinetaggap=\skip51
\mathdisplay@stack=\toks23
LaTeX Info: Redefining \[ on input line 2953.
LaTeX Info: Redefining \] on input line 2954.
)
(C:/Users/gjarc/AppData/Local/Programs/MiKTeX/tex/latex/base/latexsym.sty
Package: latexsym 1998/08/17 v2.2e Standard LaTeX package (lasy symbols)
\symlasy=\mathgroup6
LaTeX Font Info:    Overwriting symbol font `lasy' in version `bold'
(Font)                  U/lasy/m/n --> U/lasy/b/n on input line 52.
)
(C:/Users/gjarc/AppData/Local/Programs/MiKTeX/tex/latex/amsfonts/amssymb.sty
Package: amssymb 2013/01/14 v3.01 AMS font symbols
)
(C:/Users/gjarc/AppData/Local/Programs/MiKTeX/tex/latex/graphics/graphicx.sty
Package: graphicx 2021/09/16 v1.2d Enhanced LaTeX Graphics (DPC,SPQR)

(C:/Users/gjarc/AppData/Local/Programs/MiKTeX/tex/latex/graphics/graphics.sty
Package: graphics 2022/03/10 v1.4e Standard LaTeX Graphics (DPC,SPQR)

(C:/Users/gjarc/AppData/Local/Programs/MiKTeX/tex/latex/graphics/trig.sty
Package: trig 2021/08/11 v1.11 sin cos tan (DPC)
)
(C:/Users/gjarc/AppData/Local/Programs/MiKTeX/tex/latex/graphics-cfg/graphics.c
fg
File: graphics.cfg 2016/06/04 v1.11 sample graphics configuration
)
Package graphics Info: Driver file: luatex.def on input line 107.

(C:/Users/gjarc/AppData/Local/Programs/MiKTeX/tex/latex/graphics-def/luatex.def
File: luatex.def 2021/06/01 v1.2c Graphics/color driver for luatex
))
\Gin@req@height=\dimen155
\Gin@req@width=\dimen156
)
(C:/Users/gjarc/AppData/Local/Programs/MiKTeX/tex/latex/l3backend/l3backend-lua
tex.def
File: l3backend-luatex.def 2022-08-30 L3 backend support: PDF output (LuaTeX)
\l__color_backend_stack_int=\count272
\l__pdf_internal_box=\box53
)

LaTeX Warning: Unused global option(s):
    [20pt].

("./LABORATOR 3.aux")
\openout1 = LABORATOR 3.aux

LaTeX Font Info:    Checking defaults for OML/cmm/m/it on input line 11.
LaTeX Font Info:    ... okay on input line 11.
LaTeX Font Info:    Checking defaults for OMS/cmsy/m/n on input line 11.
LaTeX Font Info:    ... okay on input line 11.
LaTeX Font Info:    Checking defaults for OT1/cmr/m/n on input line 11.
LaTeX Font Info:    ... okay on input line 11.
LaTeX Font Info:    Checking defaults for T1/cmr/m/n on input line 11.
LaTeX Font Info:    ... okay on input line 11.
LaTeX Font Info:    Checking defaults for TS1/cmr/m/n on input line 11.
LaTeX Font Info:    Trying to load font information for TS1+cmr on input line 1
1.

(C:/Users/gjarc/AppData/Local/Programs/MiKTeX/tex/latex/base/ts1cmr.fd
File: ts1cmr.fd 2019/12/16 v2.5j Standard LaTeX font definitions
)
LaTeX Font Info:    ... okay on input line 11.
LaTeX Font Info:    Checking defaults for TU/lmr/m/n on input line 11.
LaTeX Font Info:    ... okay on input line 11.
LaTeX Font Info:    Checking defaults for OMX/cmex/m/n on input line 11.
LaTeX Font Info:    ... okay on input line 11.
LaTeX Font Info:    Checking defaults for U/cmr/m/n on input line 11.
LaTeX Font Info:    ... okay on input line 11.

*geometry* driver: auto-detecting
*geometry* detected driver: luatex
*geometry* verbose mode - [ preamble ] result:
* driver: luatex
* paper: b5paper
* layout: <same size as paper>
* layoutoffset:(h,v)=(0.0pt,0.0pt)
* modes: 
* h-part:(L,W,R)=(75.11604pt, 350.5364pt, 75.11604pt)
* v-part:(T,H,B)=(85.35913pt, 497.92105pt, 128.03871pt)
* \paperwidth=500.7685pt
* \paperheight=711.3189pt
* \textwidth=350.5364pt
* \textheight=497.92105pt
* \oddsidemargin=2.84605pt
* \evensidemargin=2.84605pt
* \topmargin=-23.91086pt
* \headheight=12.0pt
* \headsep=25.0pt
* \topskip=10.0pt
* \footskip=30.0pt
* \marginparwidth=65.0pt
* \marginparsep=11.0pt
* \columnsep=10.0pt
* \skip\footins=9.0pt plus 4.0pt minus 2.0pt
* \hoffset=0.0pt
* \voffset=0.0pt
* \mag=1000
* \@twocolumnfalse
* \@twosidefalse
* \@mparswitchfalse
* \@reversemarginfalse
* (1in=72.27pt=25.4mm, 1cm=28.453pt)


(C:/Users/gjarc/AppData/Local/Programs/MiKTeX/tex/context/base/mkii/supp-pdf.mk
ii
[Loading MPS to PDF converter (version 2006.09.02).]
\scratchcounter=\count273
\scratchdimen=\dimen157
\scratchbox=\box54
\nofMPsegments=\count274
\nofMParguments=\count275
\everyMPshowfont=\toks24
\MPscratchCnt=\count276
\MPscratchDim=\dimen158
\MPnumerator=\count277
\makeMPintoPDFobject=\count278
\everyMPtoPDFconversion=\toks25
)
(C:/Users/gjarc/AppData/Local/Programs/MiKTeX/tex/latex/epstopdf-pkg/epstopdf-b
ase.sty
Package: epstopdf-base 2020-01-24 v2.11 Base part for package epstopdf
Package epstopdf-base Info: Redefining graphics rule for `.eps' on input line 4
85.

(C:/Users/gjarc/AppData/Local/Programs/MiKTeX/tex/latex/00miktex/epstopdf-sys.c
fg
File: epstopdf-sys.cfg 2021/03/18 v2.0 Configuration of epstopdf for MiKTeX
))
Underfull \hbox (badness 10000) in paragraph at lines 22--27

 []

<0.png, id=1, 385.44pt x 51.19125pt>
File: 0.png Graphic file (type png)
<use 0.png>
Package luatex.def Info: 0.png  used on input line 29.
(luatex.def)             Requested size: 214.23932pt x 28.45274pt.
LaTeX Font Info:    Trying to load font information for U+msa on input line 32.

(C:/Users/gjarc/AppData/Local/Programs/MiKTeX/tex/latex/amsfonts/umsa.fd
File: umsa.fd 2013/01/14 v3.01 AMS symbols A
)
LaTeX Font Info:    Trying to load font information for U+msb on input line 32.


(C:/Users/gjarc/AppData/Local/Programs/MiKTeX/tex/latex/amsfonts/umsb.fd
File: umsb.fd 2013/01/14 v3.01 AMS symbols B
)
LaTeX Font Info:    Trying to load font information for U+lasy on input line 32
.

(C:/Users/gjarc/AppData/Local/Programs/MiKTeX/tex/latex/base/ulasy.fd
File: ulasy.fd 1998/08/17 v2.2e LaTeX symbol font definitions
)
Underfull \hbox (badness 10000) in paragraph at lines 32--35

 []

<0.1.png, id=2, 150.5625pt x 32.5215pt>
File: 0.1.png Graphic file (type png)
<use 0.1.png>
Package luatex.def Info: 0.1.png  used on input line 37.
(luatex.def)             Requested size: 131.73265pt x 28.45274pt.
<0.2.png, id=3, 301.72725pt x 88.53075pt>
File: 0.2.png Graphic file (type png)
<use 0.2.png>
Package luatex.def Info: 0.2.png  used on input line 43.
(luatex.def)             Requested size: 193.9473pt x 56.9055pt.
<1.png, id=4, 377.0085pt x 344.487pt>
File: 1.png Graphic file (type png)
<use 1.png>
Package luatex.def Info: 1.png  used on input line 50.
(luatex.def)             Requested size: 186.82974pt x 170.71652pt.
[1

{C:/Users/gjarc/AppData/Local/MiKTeX/fonts/map/pdftex/pdftex.map}<./0.png><./0.1
.png><./0.2.png>]
<2.png, id=16, 331.83975pt x 68.6565pt>
File: 2.png Graphic file (type png)
<use 2.png>
Package luatex.def Info: 2.png  used on input line 54.
(luatex.def)             Requested size: 137.51851pt x 28.45274pt.

Underfull \hbox (badness 10000) in paragraph at lines 57--62

 []

<3.png, id=17, 749.80125pt x 554.67226pt>
File: 3.png Graphic file (type png)
<use 3.png>
Package luatex.def Info: 3.png  used on input line 64.
(luatex.def)             Requested size: 192.31229pt x 142.26378pt.
[2<./1.png><./2.png><./3.png>]
<4.png, id=24, 247.52475pt x 140.32425pt>
File: 4.png Graphic file (type png)
<use 4.png>
Package luatex.def Info: 4.png  used on input line 77.
(luatex.def)             Requested size: 250.9649pt x 142.26378pt.

Underfull \hbox (badness 10000) in paragraph at lines 80--82

 []

<6.png, id=25, 462.528pt x 269.808pt>
File: 6.png Graphic file (type png)
<use 6.png>
Package luatex.def Info: 6.png  used on input line 84.
(luatex.def)             Requested size: 195.10028pt x 113.81102pt.
[3<./4.png>]
<7.png, id=30, 374.5995pt x 214.401pt>
File: 7.png Graphic file (type png)
<use 7.png>
Package luatex.def Info: 7.png  used on input line 89.
(luatex.def)             Requested size: 198.85117pt x 113.81102pt.

Underfull \hbox (badness 10000) in paragraph at lines 92--95

 []

[4<./6.png><./7.png>]
<8.png, id=36, 417.9615pt x 337.86224pt>
File: 8.png Graphic file (type png)
<use 8.png>
Package luatex.def Info: 8.png  used on input line 107.
(luatex.def)             Requested size: 175.98906pt x 142.26378pt.
<9.png, id=37, 508.299pt x 311.9655pt>
File: 9.png Graphic file (type png)
<use 9.png>
Package luatex.def Info: 9.png  used on input line 110.
(luatex.def)             Requested size: 185.43839pt x 113.81102pt.
<10.png, id=38, 326.4195pt x 157.18726pt>
File: 10.png Graphic file (type png)
<use 10.png>
Package luatex.def Info: 10.png  used on input line 113.
(luatex.def)             Requested size: 177.26503pt x 85.35826pt.

Overfull \hbox (6.353pt too wide) in paragraph at lines 115--115
[]\TU/lmr/bx/n/14.4 Steganografie bazată pe imag-ini folosind Python 
 []

[5<./8.png><./9.png><./10.png>]
Overfull \hbox (12.79558pt too wide) in paragraph at lines 120--130
\TU/lmr/m/n/10 Deschideți imag-inea folosind funcția open() a mod-u-l-u-lui Im
-age, pasând nu-mele/calea
 []

<11.png, id=45, 598.03426pt x 267.399pt>
File: 11.png Graphic file (type png)
<use 11.png>
Package luatex.def Info: 11.png  used on input line 132.
(luatex.def)             Requested size: 254.53989pt x 113.81102pt.

Underfull \hbox (badness 10000) in paragraph at lines 134--135

 []


Underfull \hbox (badness 10000) in paragraph at lines 136--137

 []


Underfull \hbox (badness 10000) in paragraph at lines 138--147

 []

[6<./11.png>]
<12.png, id=50, 587.19376pt x 198.14024pt>
File: 12.png Graphic file (type png)
<use 12.png>
Package luatex.def Info: 12.png  used on input line 148.
(luatex.def)             Requested size: 337.2933pt x 113.81102pt.

Overfull \hbox (18.86359pt too wide) in paragraph at lines 152--155
\TU/lmr/m/n/10 https://www.amazon.com/Python-Hacking-Essentials-Earnest-Wish/dp/
1511797568 
 []

[7<./12.png>] ("./LABORATOR 3.aux"))

Here is how much of LuaTeX's memory you used:
 3455 strings out of 477356
 100000,460012 words of node,token memory allocated
 484 words of node memory still in use:
   6 hlist, 2 vlist, 2 rule, 2 glue, 4 kern, 1 glyph, 6 attribute, 52 glue_spec,
 6 attribute_list, 1 write nodes
   avail lists: 1:1,2:203,3:114,4:16,5:231,6:19,7:3411,8:15,9:158,10:10,11:225
 24405 multiletter control sequences out of 65536+600000
 41 fonts using 2625687 bytes
 55i,6n,59p,610b,192s stack positions out of 10000i,1000n,20000p,200000b,80000s
<//?/c:/users/gjarc/appdata/local/programs/miktex/fonts/opentype/public/lm/lmrom
an10-regular.otf><//?/c:/users/gjarc/appdata/local/programs/miktex/fonts/opentyp
e/public/lm/lmroman12-bold.otf><//?/c:/users/gjarc/appdata/local/programs/miktex
/fonts/opentype/public/lm/lmmono10-regular.otf><C:/Users/gjarc/AppData/Local/Pro
grams/MiKTeX/fonts/type1/public/amsfonts/cm/cmmi10.pfb>
Output written on LABORATOR 3.pdf (7 pages, 260046 bytes).

PDF statistics: 77 PDF objects out of 1000 (max. 8388607)
 0 named destinations out of 1000 (max. 131072)
 1 words of extra memory for PDF output out of 10000 (max. 100000000)

