112 402 02 2 1 0 
112 1024 02 4 1 2 
112 321 02 1 1 2 
112 521 02 1 1 2 
112 57 02 7 1 5 
112 6542 02 2 1 4 
112 255 02 5 1 5 
20 402 00 2 2 0 
20 1024 00 4 2 2 
20 321 00 1 2 2 
20 521 00 1 2 2 
20 57 00 7 2 5 
20 6542 00 2 2 4 
20 255 00 5 2 5 
42 402 02 2 4 0 
42 1024 02 4 4 2 
42 321 02 1 4 2 
42 521 02 1 4 2 
42 57 02 7 4 5 
42 6542 12 2 4 4 
42 255 02 5 4 5 
112 402 02 2 1 0 
112 1024 02 4 1 2 
112 321 02 1 1 2 
112 521 02 1 1 2 
112 57 02 7 1 5 
112 6542 02 2 1 4 
112 255 02 5 1 5 
5013 402 03 2 1 0 
5013 1024 03 4 1 2 
5013 321 03 1 1 2 
5013 521 03 1 1 2 
5013 57 03 7 1 5 
5013 6542 03 2 1 4 
5013 255 03 5 1 5 
824 402 04 2 2 0 
824 1024 14 4 2 2 
824 321 04 1 2 2 
824 521 04 1 2 2 
824 57 04 7 2 5 
824 6542 04 2 2 4 
824 255 04 5 2 5 
10012 402 02 2 1 0 
10012 1024 02 4 1 2 
10012 321 02 1 1 2 
10012 521 02 1 1 2 
10012 57 02 7 1 5 
10012 6542 02 2 1 4 
10012 255 02 5 1 5 
55 402 05 2 5 0 
55 1024 05 4 5 2 
55 321 05 1 5 2 
55 521 05 1 5 2 
55 57 05 7 5 5 
55 6542 05 2 5 4 
55 255 15 5 5 5 
155 402 05 2 5 0 
155 1024 05 4 5 2 
155 321 05 1 5 2 
155 521 05 1 5 2 
155 57 05 7 5 5 
155 6542 05 2 5 4 
155 255 15 5 5 5 
13