This is LuaHBTeX, Version 1.15.1 (MiKTeX 22.8.28) (format=lualatex 2022.10.2)  5 FEB 2023 18:08
 restricted system commands enabled.
**"LABORATOR 2.tex"
("./LABORATOR 2.tex"
LaTeX2e <2022-06-01> patch level 5
Lua module: luaotfload 2022-06-15 3.22 Lua based OpenType font support
Lua module: lualibs 2021-05-20 2.74 ConTeXt Lua standard libraries.
Lua module: lualibs-extended 2021-05-20 2.74 ConTeXt Lua libraries -- extended c
ollection.
luaotfload | conf : Root cache directory is "C:/Users/gjarc/AppData/Local/MiKTeX
/luatex-cache/generic/names".
luaotfload | init : Loading fontloader "fontloader-2022-06-15.lua" from kpse-res
olved path "C:/Users/gjarc/AppData/Local/Programs/MiKTeX/tex/luatex/luaotfload/f
ontloader-2022-06-15.lua".
Lua-only attribute luaotfload@noligature = 1
luaotfload | init : Context OpenType loader version 3.120
Inserting `luaotfload.node_processor' at position 1 in `pre_linebreak_filter'.
Inserting `luaotfload.node_processor' at position 1 in `hpack_filter'.
Inserting `luaotfload.glyph_stream' at position 1 in `glyph_stream_provider'.
Inserting `luaotfload.define_font' at position 1 in `define_font'.
Lua-only attribute luaotfload_color_attribute = 2
luaotfload | conf : Root cache directory is "C:/Users/gjarc/AppData/Local/MiKTeX
/luatex-cache/generic/names".
Inserting `luaotfload.harf.strip_prefix' at position 1 in `find_opentype_file'.
Inserting `luaotfload.harf.strip_prefix' at position 1 in `find_truetype_file'.
Removing  `luaotfload.glyph_stream' from `glyph_stream_provider'.
Inserting `luaotfload.harf.glyphstream' at position 1 in `glyph_stream_provider'
.
Inserting `luaotfload.harf.finalize_vlist' at position 1 in `post_linebreak_filt
er'.
Inserting `luaotfload.harf.finalize_hlist' at position 2 in `hpack_filter'.
Inserting `luaotfload.cleanup_files' at position 1 in `wrapup_run'.
Inserting `luaotfload.harf.finalize_unicode' at position 1 in `finish_pdffile'.
Inserting `luaotfload.glyphinfo' at position 1 in `glyph_info'.
Lua-only attribute luaotfload.letterspace_done = 3
Inserting `luaotfload.aux.set_sscale_dimens' at position 1 in `luaotfload.patch_
font'.
Inserting `luaotfload.aux.set_font_index' at position 2 in `luaotfload.patch_fon
t'.
Inserting `luaotfload.aux.patch_cambria_domh' at position 3 in `luaotfload.patch
_font'.
Inserting `luaotfload.aux.fixup_fontdata' at position 1 in `luaotfload.patch_fon
t_unsafe'.
Inserting `luaotfload.aux.set_capheight' at position 4 in `luaotfload.patch_font
'.
Inserting `luaotfload.aux.set_xheight' at position 5 in `luaotfload.patch_font'.
Inserting `luaotfload.rewrite_fontname' at position 6 in `luaotfload.patch_font'
. L3 programming layer <2022-08-30>
Inserting `tracingstacklevels' at position 1 in `input_level_string'.
(C:/Users/gjarc/AppData/Local/Programs/MiKTeX/tex/latex/base/article.cls
Document Class: article 2021/10/04 v1.4n Standard LaTeX document class
(C:/Users/gjarc/AppData/Local/Programs/MiKTeX/tex/latex/base/size10.clo
File: size10.clo 2021/10/04 v1.4n Standard LaTeX file (size option)
luaotfload | db : Font names database loaded from C:/Users/gjarc/AppData/Local/M
iKTeX/luatex-cache/generic/names/luaotfload-names.luc.gz)
\c@part=\count183
\c@section=\count184
\c@subsection=\count185
\c@subsubsection=\count186
\c@paragraph=\count187
\c@subparagraph=\count188
\c@figure=\count189
\c@table=\count190
\abovecaptionskip=\skip47
\belowcaptionskip=\skip48
\bibindent=\dimen137
)
(C:/Users/gjarc/AppData/Local/Programs/MiKTeX/tex/latex/geometry/geometry.sty
Package: geometry 2020/01/02 v5.9 Page Geometry

(C:/Users/gjarc/AppData/Local/Programs/MiKTeX/tex/latex/graphics/keyval.sty
Package: keyval 2022/05/29 v1.15 key=value parser (DPC)
\KV@toks@=\toks16
)
(C:/Users/gjarc/AppData/Local/Programs/MiKTeX/tex/generic/iftex/ifvtex.sty
Package: ifvtex 2019/10/25 v1.7 ifvtex legacy package. Use iftex instead.

(C:/Users/gjarc/AppData/Local/Programs/MiKTeX/tex/generic/iftex/iftex.sty
Package: iftex 2022/02/03 v1.0f TeX engine tests
))
\Gm@cnth=\count191
\Gm@cntv=\count192
\c@Gm@tempcnt=\count193
\Gm@bindingoffset=\dimen138
\Gm@wd@mp=\dimen139
\Gm@odd@mp=\dimen140
\Gm@even@mp=\dimen141
\Gm@layoutwidth=\dimen142
\Gm@layoutheight=\dimen143
\Gm@layouthoffset=\dimen144
\Gm@layoutvoffset=\dimen145
\Gm@dimlist=\toks17

(C:/Users/gjarc/AppData/Local/Programs/MiKTeX/tex/latex/geometry/geometry.cfg)) (C:/Users/gjarc/AppData/Local/Programs/MiKTeX/tex/latex/amsfonts/amsfonts.sty
Package: amsfonts 2013/01/14 v3.01 Basic AMSFonts support
\@emptytoks=\toks18
\symAMSa=\mathgroup4
\symAMSb=\mathgroup5
LaTeX Font Info:    Redeclaring math symbol \hbar on input line 98.
LaTeX Font Info:    Overwriting math alphabet `\mathfrak' in version `bold'
(Font)                  U/euf/m/n --> U/euf/b/n on input line 106.
) (C:/Users/gjarc/AppData/Local/Programs/MiKTeX/tex/latex/amsmath/amsmath.sty
Package: amsmath 2022/04/08 v2.17n AMS math features
\@mathmargin=\skip49

For additional information on amsmath, use the `?' option.
(C:/Users/gjarc/AppData/Local/Programs/MiKTeX/tex/latex/amsmath/amstext.sty
Package: amstext 2021/08/26 v2.01 AMS text

(C:/Users/gjarc/AppData/Local/Programs/MiKTeX/tex/latex/amsmath/amsgen.sty
File: amsgen.sty 1999/11/30 v2.0 generic functions
\@emptytoks=\toks19
\ex@=\dimen146
))
(C:/Users/gjarc/AppData/Local/Programs/MiKTeX/tex/latex/amsmath/amsbsy.sty
Package: amsbsy 1999/11/29 v1.2d Bold Symbols
\pmbraise@=\dimen147
)
(C:/Users/gjarc/AppData/Local/Programs/MiKTeX/tex/latex/amsmath/amsopn.sty
Package: amsopn 2022/04/08 v2.04 operator names
)
\inf@bad=\count194
LaTeX Info: Redefining \frac on input line 236.
\uproot@=\count195
\leftroot@=\count196
LaTeX Info: Redefining \overline on input line 399.
LaTeX Info: Redefining \colon on input line 410.
\classnum@=\count197
\DOTSCASE@=\count198
LaTeX Info: Redefining \ldots on input line 496.
LaTeX Info: Redefining \dots on input line 499.
LaTeX Info: Redefining \cdots on input line 620.
\Mathstrutbox@=\box51
\strutbox@=\box52
LaTeX Info: Redefining \big on input line 722.
LaTeX Info: Redefining \Big on input line 723.
LaTeX Info: Redefining \bigg on input line 724.
LaTeX Info: Redefining \Bigg on input line 725.
\big@size=\dimen148
LaTeX Font Info:    Redeclaring font encoding OML on input line 743.
LaTeX Font Info:    Redeclaring font encoding OMS on input line 744.
\macc@depth=\count199
LaTeX Info: Redefining \bmod on input line 905.
LaTeX Info: Redefining \pmod on input line 910.
LaTeX Info: Redefining \smash on input line 940.
LaTeX Info: Redefining \relbar on input line 970.
LaTeX Info: Redefining \Relbar on input line 971.
\c@MaxMatrixCols=\count266
\dotsspace@=\muskip16
\c@parentequation=\count267
\dspbrk@lvl=\count268
\tag@help=\toks20
\row@=\count269
\column@=\count270
\maxfields@=\count271
\andhelp@=\toks21
\eqnshift@=\dimen149
\alignsep@=\dimen150
\tagshift@=\dimen151
\tagwidth@=\dimen152
\totwidth@=\dimen153
\lineht@=\dimen154
\@envbody=\toks22
\multlinegap=\skip50
\multlinetaggap=\skip51
\mathdisplay@stack=\toks23
LaTeX Info: Redefining \[ on input line 2953.
LaTeX Info: Redefining \] on input line 2954.
)
(C:/Users/gjarc/AppData/Local/Programs/MiKTeX/tex/latex/base/latexsym.sty
Package: latexsym 1998/08/17 v2.2e Standard LaTeX package (lasy symbols)
\symlasy=\mathgroup6
LaTeX Font Info:    Overwriting symbol font `lasy' in version `bold'
(Font)                  U/lasy/m/n --> U/lasy/b/n on input line 52.
)
(C:/Users/gjarc/AppData/Local/Programs/MiKTeX/tex/latex/amsfonts/amssymb.sty
Package: amssymb 2013/01/14 v3.01 AMS font symbols
)
(C:/Users/gjarc/AppData/Local/Programs/MiKTeX/tex/latex/graphics/graphicx.sty
Package: graphicx 2021/09/16 v1.2d Enhanced LaTeX Graphics (DPC,SPQR)

(C:/Users/gjarc/AppData/Local/Programs/MiKTeX/tex/latex/graphics/graphics.sty
Package: graphics 2022/03/10 v1.4e Standard LaTeX Graphics (DPC,SPQR)

(C:/Users/gjarc/AppData/Local/Programs/MiKTeX/tex/latex/graphics/trig.sty
Package: trig 2021/08/11 v1.11 sin cos tan (DPC)
)
(C:/Users/gjarc/AppData/Local/Programs/MiKTeX/tex/latex/graphics-cfg/graphics.c
fg
File: graphics.cfg 2016/06/04 v1.11 sample graphics configuration
)
Package graphics Info: Driver file: luatex.def on input line 107.

(C:/Users/gjarc/AppData/Local/Programs/MiKTeX/tex/latex/graphics-def/luatex.def
File: luatex.def 2021/06/01 v1.2c Graphics/color driver for luatex
))
\Gin@req@height=\dimen155
\Gin@req@width=\dimen156
)
(C:/Users/gjarc/AppData/Local/Programs/MiKTeX/tex/latex/l3backend/l3backend-lua
tex.def
File: l3backend-luatex.def 2022-08-30 L3 backend support: PDF output (LuaTeX)
\l__color_backend_stack_int=\count272
\l__pdf_internal_box=\box53
)

LaTeX Warning: Unused global option(s):
    [20pt].

("./LABORATOR 2.aux")
\openout1 = LABORATOR 2.aux

LaTeX Font Info:    Checking defaults for OML/cmm/m/it on input line 11.
LaTeX Font Info:    ... okay on input line 11.
LaTeX Font Info:    Checking defaults for OMS/cmsy/m/n on input line 11.
LaTeX Font Info:    ... okay on input line 11.
LaTeX Font Info:    Checking defaults for OT1/cmr/m/n on input line 11.
LaTeX Font Info:    ... okay on input line 11.
LaTeX Font Info:    Checking defaults for T1/cmr/m/n on input line 11.
LaTeX Font Info:    ... okay on input line 11.
LaTeX Font Info:    Checking defaults for TS1/cmr/m/n on input line 11.
LaTeX Font Info:    Trying to load font information for TS1+cmr on input line 1
1.

(C:/Users/gjarc/AppData/Local/Programs/MiKTeX/tex/latex/base/ts1cmr.fd
File: ts1cmr.fd 2019/12/16 v2.5j Standard LaTeX font definitions
)
LaTeX Font Info:    ... okay on input line 11.
LaTeX Font Info:    Checking defaults for TU/lmr/m/n on input line 11.
LaTeX Font Info:    ... okay on input line 11.
LaTeX Font Info:    Checking defaults for OMX/cmex/m/n on input line 11.
LaTeX Font Info:    ... okay on input line 11.
LaTeX Font Info:    Checking defaults for U/cmr/m/n on input line 11.
LaTeX Font Info:    ... okay on input line 11.

*geometry* driver: auto-detecting
*geometry* detected driver: luatex
*geometry* verbose mode - [ preamble ] result:
* driver: luatex
* paper: b5paper
* layout: <same size as paper>
* layoutoffset:(h,v)=(0.0pt,0.0pt)
* modes: 
* h-part:(L,W,R)=(75.11604pt, 350.5364pt, 75.11604pt)
* v-part:(T,H,B)=(85.35913pt, 497.92105pt, 128.03871pt)
* \paperwidth=500.7685pt
* \paperheight=711.3189pt
* \textwidth=350.5364pt
* \textheight=497.92105pt
* \oddsidemargin=2.84605pt
* \evensidemargin=2.84605pt
* \topmargin=-23.91086pt
* \headheight=12.0pt
* \headsep=25.0pt
* \topskip=10.0pt
* \footskip=30.0pt
* \marginparwidth=65.0pt
* \marginparsep=11.0pt
* \columnsep=10.0pt
* \skip\footins=9.0pt plus 4.0pt minus 2.0pt
* \hoffset=0.0pt
* \voffset=0.0pt
* \mag=1000
* \@twocolumnfalse
* \@twosidefalse
* \@mparswitchfalse
* \@reversemarginfalse
* (1in=72.27pt=25.4mm, 1cm=28.453pt)


(C:/Users/gjarc/AppData/Local/Programs/MiKTeX/tex/context/base/mkii/supp-pdf.mk
ii
[Loading MPS to PDF converter (version 2006.09.02).]
\scratchcounter=\count273
\scratchdimen=\dimen157
\scratchbox=\box54
\nofMPsegments=\count274
\nofMParguments=\count275
\everyMPshowfont=\toks24
\MPscratchCnt=\count276
\MPscratchDim=\dimen158
\MPnumerator=\count277
\makeMPintoPDFobject=\count278
\everyMPtoPDFconversion=\toks25
)
(C:/Users/gjarc/AppData/Local/Programs/MiKTeX/tex/latex/epstopdf-pkg/epstopdf-b
ase.sty
Package: epstopdf-base 2020-01-24 v2.11 Base part for package epstopdf
Package epstopdf-base Info: Redefining graphics rule for `.eps' on input line 4
85.

(C:/Users/gjarc/AppData/Local/Programs/MiKTeX/tex/latex/00miktex/epstopdf-sys.c
fg
File: epstopdf-sys.cfg 2021/03/18 v2.0 Configuration of epstopdf for MiKTeX
))
Underfull \hbox (badness 10000) in paragraph at lines 22--26

 []


Underfull \hbox (badness 10000) in paragraph at lines 22--26

 []


Underfull \hbox (badness 10000) in paragraph at lines 33--37

 []


Underfull \hbox (badness 10000) in paragraph at lines 38--40

 []

<1.png, id=1, 128.27925pt x 57.816pt>
File: 1.png Graphic file (type png)
<use 1.png>
Package luatex.def Info: 1.png  used on input line 42.
(luatex.def)             Requested size: 126.26477pt x 56.9055pt.
[1

{C:/Users/gjarc/AppData/Local/MiKTeX/fonts/map/pdftex/pdftex.map}<./1.png>]
<2.png, id=11, 281.853pt x 96.36pt>
File: 2.png Graphic file (type png)
<use 2.png>
Package luatex.def Info: 2.png  used on input line 55.
(luatex.def)             Requested size: 166.44666pt x 56.9055pt.

Underfull \hbox (badness 10000) in paragraph at lines 57--64

 []

[2<./2.png>]
<3.png, id=16, 219.82124pt x 147.55125pt>
File: 3.png Graphic file (type png)
<use 3.png>
Package luatex.def Info: 3.png  used on input line 70.
(luatex.def)             Requested size: 84.77734pt x 56.9055pt.
<4.png, id=17, 271.0125pt x 198.7425pt>
File: 4.png Graphic file (type png)
<use 4.png>
Package luatex.def Info: 4.png  used on input line 74.
(luatex.def)             Requested size: 77.59912pt x 56.9055pt.

Underfull \hbox (badness 10000) in paragraph at lines 76--80

 []


Underfull \hbox (badness 10000) in paragraph at lines 81--88

 []


Underfull \hbox (badness 10000) in paragraph at lines 90--95

 []

[3<./3.png><./4.png>]
Underfull \hbox (badness 10000) in paragraph at lines 96--97

 []


Underfull \hbox (badness 10000) in paragraph at lines 98--100

 []


Overfull \hbox (13.15561pt too wide) in paragraph at lines 101--102
[]\TU/lmr/m/n/10 Ar-gu-mentele com-pletekey, stdin și std-out sunt trans-mise 
cla-sei de bază cmd.Cmd;
 []

<5.png, id=23, 337.86224pt x 24.69225pt>
File: 5.png Graphic file (type png)
<use 5.png>
Package luatex.def Info: 5.png  used on input line 111.
(luatex.def)             Requested size: 389.32732pt x 28.45274pt.

Overfull \hbox (38.79091pt too wide) in paragraph at lines 111--112
 [] 
 []


Overfull \hbox (6.05359pt too wide) in paragraph at lines 118--119
\TU/lmr/m/n/10 uni Python și sunt ex-e-cu-tate în con-tex-tul pro-gra-mu-lui 
care este de-panat. Declarați-
 []

[4<./5.png>]
Underfull \hbox (badness 10000) in paragraph at lines 124--125

 []


Underfull \hbox (badness 10000) in paragraph at lines 126--127

 []


Underfull \hbox (badness 10000) in paragraph at lines 128--129

 []


Underfull \hbox (badness 10000) in paragraph at lines 133--135

 []


Underfull \hbox (badness 10000) in paragraph at lines 136--138

 []

[5]
Underfull \hbox (badness 10000) in paragraph at lines 139--141

 []


Underfull \hbox (badness 10000) in paragraph at lines 142--144

 []


Underfull \hbox (badness 10000) in paragraph at lines 145--146

 []


Underfull \hbox (badness 10000) in paragraph at lines 147--148

 []


Underfull \hbox (badness 10000) in paragraph at lines 149--151

 []


Overfull \hbox (9.08028pt too wide) in paragraph at lines 152--157
[]\TU/lmr/bx/n/10 cl(ear) [nume fișier:lineno | bp-num-ber ...] \TU/lmr/m/n/10
 Cu un ar-gu-ment file-name:lineno,
 []


Underfull \hbox (badness 10000) in paragraph at lines 152--157

 []


Underfull \hbox (badness 10000) in paragraph at lines 159--161

 []


Underfull \hbox (badness 10000) in paragraph at lines 162--164

 []

[6]
Underfull \hbox (badness 10000) in paragraph at lines 165--167

 []


Underfull \hbox (badness 10000) in paragraph at lines 168--170

 []


Overfull \hbox (3.08559pt too wide) in paragraph at lines 171--172
[]\TU/lmr/m/n/10 Pen-tru a elim-ina toate comen-zile dintr-un punct de în-tre-r
u-pere, tas-tați comenzi
 []


Underfull \hbox (badness 10000) in paragraph at lines 171--172

 []


Underfull \hbox (badness 10000) in paragraph at lines 173--174

 []


Underfull \hbox (badness 10000) in paragraph at lines 175--176

 []


Underfull \hbox (badness 10000) in paragraph at lines 177--178

 []


Underfull \hbox (badness 10000) in paragraph at lines 179--180

 []


Underfull \hbox (badness 10000) in paragraph at lines 181--183

 []

[7]
Underfull \hbox (badness 10000) in paragraph at lines 184--186

 []


Underfull \hbox (badness 10000) in paragraph at lines 192--193

 []


Underfull \hbox (badness 10000) in paragraph at lines 194--196

 []


Underfull \hbox (badness 10000) in paragraph at lines 197--199

 []


Underfull \hbox (badness 10000) in paragraph at lines 200--202

 []


Underfull \hbox (badness 10000) in paragraph at lines 205--207

 []


Underfull \hbox (badness 10000) in paragraph at lines 208--209

 []


Underfull \hbox (badness 10000) in paragraph at lines 211--213

 []

[8]
Underfull \hbox (badness 10000) in paragraph at lines 214--216

 []


Underfull \hbox (badness 10000) in paragraph at lines 217--226

 []


Underfull \hbox (badness 10000) in paragraph at lines 227--229

 []


Underfull \hbox (badness 10000) in paragraph at lines 230--231

 []


Underfull \hbox (badness 10000) in paragraph at lines 232--234

 []


Underfull \hbox (badness 10000) in paragraph at lines 235--237

 []

LaTeX Font Info:    Trying to load font information for U+msa on input line 239
.
(C:/Users/gjarc/AppData/Local/Programs/MiKTeX/tex/latex/amsfonts/umsa.fd
File: umsa.fd 2013/01/14 v3.01 AMS symbols A
)
LaTeX Font Info:    Trying to load font information for U+msb on input line 239
.

(C:/Users/gjarc/AppData/Local/Programs/MiKTeX/tex/latex/amsfonts/umsb.fd
File: umsb.fd 2013/01/14 v3.01 AMS symbols B
)
LaTeX Font Info:    Trying to load font information for U+lasy on input line 23
9.

(C:/Users/gjarc/AppData/Local/Programs/MiKTeX/tex/latex/base/ulasy.fd
File: ulasy.fd 1998/08/17 v2.2e LaTeX symbol font definitions
)
Underfull \hbox (badness 10000) in paragraph at lines 238--240

 []


Underfull \hbox (badness 10000) in paragraph at lines 241--242

 []

[9]
Underfull \hbox (badness 10000) in paragraph at lines 244--246

 []


Underfull \hbox (badness 10000) in paragraph at lines 247--255

 []


Underfull \hbox (badness 10000) in paragraph at lines 256--258

 []


Underfull \hbox (badness 10000) in paragraph at lines 259--261

 []

<6.png, id=45, 576.9555pt x 317.988pt>
File: 6.png Graphic file (type png)
<use 6.png>
Package luatex.def Info: 6.png  used on input line 264.
(luatex.def)             Requested size: 258.12215pt x 142.26378pt.
<7.png, id=46, 531.78674pt x 331.83975pt>
File: 7.png Graphic file (type png)
<use 7.png>
Package luatex.def Info: 7.png  used on input line 269.
(luatex.def)             Requested size: 227.99034pt x 142.26378pt.
[10<./6.png>]
Overfull \hbox (18.86359pt too wide) in paragraph at lines 274--276
\TU/lmr/m/n/10 https://www.amazon.com/Python-Hacking-Essentials-Earnest-Wish/dp/
1511797568 
 []

[11<./7.png>] ("./LABORATOR 2.aux"))

Here is how much of LuaTeX's memory you used:
 3386 strings out of 477356
 100000,460012 words of node,token memory allocated
 484 words of node memory still in use:
   6 hlist, 2 vlist, 2 rule, 2 glue, 4 kern, 1 glyph, 6 attribute, 52 glue_spec,
 6 attribute_list, 1 write nodes
   avail lists: 1:1,2:141,3:116,4:18,5:267,6:22,7:5495,8:2,9:138,10:10,11:400
 24364 multiletter control sequences out of 65536+600000
 42 fonts using 2757375 bytes
 55i,6n,59p,609b,192s stack positions out of 10000i,1000n,20000p,200000b,80000s
<//?/c:/users/gjarc/appdata/local/programs/miktex/fonts/opentype/public/lm/lmrom
an10-regular.otf><//?/c:/users/gjarc/appdata/local/programs/miktex/fonts/opentyp
e/public/lm/lmroman10-bold.otf><//?/c:/users/gjarc/appdata/local/programs/miktex
/fonts/opentype/public/lm/lmroman12-bold.otf><//?/c:/users/gjarc/appdata/local/p
rograms/miktex/fonts/opentype/public/lm/lmmono10-regular.otf><C:/Users/gjarc/App
Data/Local/Programs/MiKTeX/fonts/type1/public/amsfonts/cm/cmr10.pfb><C:/Users/gj
arc/AppData/Local/Programs/MiKTeX/fonts/type1/public/amsfonts/cm/cmsy10.pfb>
Output written on LABORATOR 2.pdf (11 pages, 141735 bytes).

PDF statistics: 88 PDF objects out of 1000 (max. 8388607)
 0 named destinations out of 1000 (max. 131072)
 1 words of extra memory for PDF output out of 10000 (max. 100000000)

